TN:
SF:background.js
FN:60,(anonymous_0)
FN:68,(anonymous_1)
FN:75,(anonymous_2)
FN:82,(anonymous_3)
FN:89,(anonymous_4)
FN:92,(anonymous_5)
FN:95,(anonymous_6)
FN:100,(anonymous_7)
FN:106,(anonymous_8)
FN:107,(anonymous_9)
FN:111,(anonymous_10)
FN:112,(anonymous_11)
FN:116,(anonymous_12)
FN:122,(anonymous_13)
FN:125,(anonymous_14)
FN:131,(anonymous_15)
FN:132,(anonymous_16)
FN:133,(anonymous_17)
FN:136,(anonymous_18)
FN:137,(anonymous_19)
FN:138,(anonymous_20)
FN:148,(anonymous_21)
FN:156,(anonymous_22)
FN:158,(anonymous_23)
FN:163,(anonymous_24)
FN:166,(anonymous_25)
FN:194,(anonymous_26)
FN:195,(anonymous_27)
FN:199,(anonymous_28)
FN:200,(anonymous_29)
FN:204,(anonymous_30)
FN:215,(anonymous_31)
FN:223,(anonymous_32)
FN:232,(anonymous_33)
FN:239,(anonymous_34)
FN:241,(anonymous_35)
FN:243,(anonymous_36)
FN:245,(anonymous_37)
FN:247,(anonymous_38)
FN:256,(anonymous_39)
FN:263,(anonymous_40)
FN:265,(anonymous_41)
FN:267,(anonymous_42)
FN:269,(anonymous_43)
FN:271,(anonymous_44)
FN:277,(anonymous_45)
FN:279,(anonymous_46)
FN:281,(anonymous_47)
FN:282,(anonymous_48)
FN:295,(anonymous_49)
FN:318,(anonymous_50)
FN:325,(anonymous_51)
FN:331,(anonymous_52)
FN:332,(anonymous_53)
FN:335,(anonymous_54)
FN:351,(anonymous_55)
FN:353,(anonymous_56)
FN:365,(anonymous_57)
FN:387,(anonymous_58)
FN:404,(anonymous_59)
FN:420,(anonymous_60)
FN:428,(anonymous_61)
FN:440,(anonymous_62)
FN:448,(anonymous_63)
FN:460,(anonymous_64)
FN:471,(anonymous_65)
FN:494,(anonymous_66)
FN:526,(anonymous_67)
FN:529,(anonymous_68)
FN:538,(anonymous_69)
FN:544,(anonymous_70)
FN:547,(anonymous_71)
FN:552,(anonymous_72)
FN:561,(anonymous_73)
FN:566,(anonymous_74)
FN:586,(anonymous_75)
FN:608,(anonymous_76)
FN:645,(anonymous_77)
FN:690,(anonymous_78)
FN:705,(anonymous_79)
FN:706,(anonymous_80)
FN:739,(anonymous_81)
FN:775,(anonymous_82)
FN:783,(anonymous_83)
FN:800,(anonymous_84)
FNF:85
FNH:0
FNDA:0,(anonymous_0)
FNDA:0,(anonymous_1)
FNDA:0,(anonymous_2)
FNDA:0,(anonymous_3)
FNDA:0,(anonymous_4)
FNDA:0,(anonymous_5)
FNDA:0,(anonymous_6)
FNDA:0,(anonymous_7)
FNDA:0,(anonymous_8)
FNDA:0,(anonymous_9)
FNDA:0,(anonymous_10)
FNDA:0,(anonymous_11)
FNDA:0,(anonymous_12)
FNDA:0,(anonymous_13)
FNDA:0,(anonymous_14)
FNDA:0,(anonymous_15)
FNDA:0,(anonymous_16)
FNDA:0,(anonymous_17)
FNDA:0,(anonymous_18)
FNDA:0,(anonymous_19)
FNDA:0,(anonymous_20)
FNDA:0,(anonymous_21)
FNDA:0,(anonymous_22)
FNDA:0,(anonymous_23)
FNDA:0,(anonymous_24)
FNDA:0,(anonymous_25)
FNDA:0,(anonymous_26)
FNDA:0,(anonymous_27)
FNDA:0,(anonymous_28)
FNDA:0,(anonymous_29)
FNDA:0,(anonymous_30)
FNDA:0,(anonymous_31)
FNDA:0,(anonymous_32)
FNDA:0,(anonymous_33)
FNDA:0,(anonymous_34)
FNDA:0,(anonymous_35)
FNDA:0,(anonymous_36)
FNDA:0,(anonymous_37)
FNDA:0,(anonymous_38)
FNDA:0,(anonymous_39)
FNDA:0,(anonymous_40)
FNDA:0,(anonymous_41)
FNDA:0,(anonymous_42)
FNDA:0,(anonymous_43)
FNDA:0,(anonymous_44)
FNDA:0,(anonymous_45)
FNDA:0,(anonymous_46)
FNDA:0,(anonymous_47)
FNDA:0,(anonymous_48)
FNDA:0,(anonymous_49)
FNDA:0,(anonymous_50)
FNDA:0,(anonymous_51)
FNDA:0,(anonymous_52)
FNDA:0,(anonymous_53)
FNDA:0,(anonymous_54)
FNDA:0,(anonymous_55)
FNDA:0,(anonymous_56)
FNDA:0,(anonymous_57)
FNDA:0,(anonymous_58)
FNDA:0,(anonymous_59)
FNDA:0,(anonymous_60)
FNDA:0,(anonymous_61)
FNDA:0,(anonymous_62)
FNDA:0,(anonymous_63)
FNDA:0,(anonymous_64)
FNDA:0,(anonymous_65)
FNDA:0,(anonymous_66)
FNDA:0,(anonymous_67)
FNDA:0,(anonymous_68)
FNDA:0,(anonymous_69)
FNDA:0,(anonymous_70)
FNDA:0,(anonymous_71)
FNDA:0,(anonymous_72)
FNDA:0,(anonymous_73)
FNDA:0,(anonymous_74)
FNDA:0,(anonymous_75)
FNDA:0,(anonymous_76)
FNDA:0,(anonymous_77)
FNDA:0,(anonymous_78)
FNDA:0,(anonymous_79)
FNDA:0,(anonymous_80)
FNDA:0,(anonymous_81)
FNDA:0,(anonymous_82)
FNDA:0,(anonymous_83)
FNDA:0,(anonymous_84)
DA:1,0
DA:2,0
DA:3,0
DA:4,0
DA:5,0
DA:6,0
DA:7,0
DA:8,0
DA:9,0
DA:10,0
DA:11,0
DA:12,0
DA:13,0
DA:14,0
DA:15,0
DA:17,0
DA:37,0
DA:45,0
DA:60,0
DA:61,0
DA:62,0
DA:63,0
DA:65,0
DA:68,0
DA:69,0
DA:75,0
DA:76,0
DA:82,0
DA:83,0
DA:89,0
DA:90,0
DA:92,0
DA:93,0
DA:95,0
DA:96,0
DA:100,0
DA:101,0
DA:106,0
DA:107,0
DA:108,0
DA:111,0
DA:112,0
DA:113,0
DA:116,0
DA:117,0
DA:118,0
DA:119,0
DA:122,0
DA:123,0
DA:125,0
DA:126,0
DA:131,0
DA:132,0
DA:133,0
DA:136,0
DA:137,0
DA:138,0
DA:140,0
DA:141,0
DA:148,0
DA:149,0
DA:150,0
DA:156,0
DA:158,0
DA:159,0
DA:160,0
DA:163,0
DA:164,0
DA:166,0
DA:167,0
DA:168,0
DA:169,0
DA:171,0
DA:172,0
DA:173,0
DA:174,0
DA:175,0
DA:176,0
DA:177,0
DA:178,0
DA:180,0
DA:194,0
DA:195,0
DA:196,0
DA:199,0
DA:200,0
DA:201,0
DA:204,0
DA:205,0
DA:206,0
DA:207,0
DA:208,0
DA:209,0
DA:215,0
DA:216,0
DA:217,0
DA:223,0
DA:224,0
DA:226,0
DA:232,0
DA:233,0
DA:234,0
DA:235,0
DA:236,0
DA:238,0
DA:240,0
DA:242,0
DA:244,0
DA:246,0
DA:248,0
DA:250,0
DA:256,0
DA:257,0
DA:258,0
DA:259,0
DA:260,0
DA:262,0
DA:264,0
DA:266,0
DA:268,0
DA:270,0
DA:272,0
DA:274,0
DA:277,0
DA:279,0
DA:280,0
DA:281,0
DA:283,0
DA:284,0
DA:285,0
DA:286,0
DA:287,0
DA:288,0
DA:295,0
DA:296,0
DA:297,0
DA:298,0
DA:299,0
DA:301,0
DA:307,0
DA:308,0
DA:309,0
DA:311,0
DA:318,0
DA:319,0
DA:320,0
DA:321,0
DA:322,0
DA:323,0
DA:324,0
DA:325,0
DA:326,0
DA:327,0
DA:330,0
DA:331,0
DA:332,0
DA:334,0
DA:335,0
DA:336,0
DA:339,0
DA:341,0
DA:342,0
DA:346,0
DA:351,0
DA:352,0
DA:354,0
DA:355,0
DA:356,0
DA:357,0
DA:362,0
DA:364,0
DA:366,0
DA:374,0
DA:380,0
DA:386,0
DA:388,0
DA:396,0
DA:404,0
DA:405,0
DA:406,0
DA:407,0
DA:408,0
DA:410,0
DA:411,0
DA:420,0
DA:421,0
DA:424,0
DA:428,0
DA:429,0
DA:430,0
DA:431,0
DA:440,0
DA:441,0
DA:444,0
DA:448,0
DA:449,0
DA:450,0
DA:451,0
DA:460,0
DA:461,0
DA:464,0
DA:471,0
DA:472,0
DA:473,0
DA:474,0
DA:475,0
DA:476,0
DA:477,0
DA:478,0
DA:479,0
DA:481,0
DA:482,0
DA:483,0
DA:485,0
DA:486,0
DA:487,0
DA:494,0
DA:495,0
DA:496,0
DA:497,0
DA:498,0
DA:499,0
DA:502,0
DA:503,0
DA:504,0
DA:505,0
DA:508,0
DA:518,0
DA:519,0
DA:520,0
DA:521,0
DA:528,0
DA:530,0
DA:531,0
DA:540,0
DA:548,0
DA:555,0
DA:556,0
DA:559,0
DA:560,0
DA:562,0
DA:563,0
DA:567,0
DA:571,0
DA:572,0
DA:574,0
DA:577,0
DA:579,0
DA:586,0
DA:587,0
DA:588,0
DA:589,0
DA:591,0
DA:593,0
DA:594,0
DA:596,0
DA:599,0
DA:601,0
DA:608,0
DA:609,0
DA:610,0
DA:611,0
DA:612,0
DA:614,0
DA:615,0
DA:616,0
DA:618,0
DA:619,0
DA:622,0
DA:635,0
DA:637,0
DA:638,0
DA:645,0
DA:646,0
DA:647,0
DA:648,0
DA:649,0
DA:651,0
DA:652,0
DA:653,0
DA:654,0
DA:655,0
DA:656,0
DA:663,0
DA:666,0
DA:667,0
DA:668,0
DA:669,0
DA:671,0
DA:673,0
DA:674,0
DA:677,0
DA:678,0
DA:679,0
DA:680,0
DA:683,0
DA:690,0
DA:691,0
DA:692,0
DA:693,0
DA:694,0
DA:697,0
DA:699,0
DA:700,0
DA:703,0
DA:705,0
DA:707,0
DA:708,0
DA:711,0
DA:712,0
DA:714,0
DA:715,0
DA:716,0
DA:717,0
DA:720,0
DA:721,0
DA:722,0
DA:724,0
DA:725,0
DA:727,0
DA:728,0
DA:729,0
DA:732,0
DA:739,0
DA:740,0
DA:741,0
DA:742,0
DA:744,0
DA:745,0
DA:746,0
DA:747,0
DA:750,0
DA:751,0
DA:752,0
DA:753,0
DA:754,0
DA:755,0
DA:758,0
DA:761,0
DA:762,0
DA:766,0
DA:768,0
DA:775,0
DA:776,0
DA:777,0
DA:783,0
DA:784,0
DA:790,0
DA:795,0
DA:800,0
DA:801,0
DA:809,0
LF:352
LH:0
BRDA:61,0,0,0
BRDA:61,0,1,0
BRDA:63,1,0,0
BRDA:63,1,1,0
BRDA:65,2,0,0
BRDA:65,2,1,0
BRDA:96,3,0,0
BRDA:96,3,1,0
BRDA:118,4,0,0
BRDA:118,4,1,0
BRDA:150,5,0,0
BRDA:150,5,1,0
BRDA:156,6,0,0
BRDA:156,6,1,0
BRDA:159,7,0,0
BRDA:159,7,1,0
BRDA:164,8,0,0
BRDA:164,8,1,0
BRDA:167,9,0,0
BRDA:167,9,1,0
BRDA:167,10,0,0
BRDA:167,10,1,0
BRDA:169,11,0,0
BRDA:169,11,1,0
BRDA:171,12,0,0
BRDA:171,12,1,0
BRDA:172,13,0,0
BRDA:172,13,1,0
BRDA:173,14,0,0
BRDA:173,14,1,0
BRDA:174,15,0,0
BRDA:174,15,1,0
BRDA:175,16,0,0
BRDA:175,16,1,0
BRDA:176,17,0,0
BRDA:176,17,1,0
BRDA:177,18,0,0
BRDA:177,18,1,0
BRDA:178,19,0,0
BRDA:178,19,1,0
BRDA:181,20,0,0
BRDA:181,20,1,0
BRDA:205,21,0,0
BRDA:207,22,0,0
BRDA:207,22,1,0
BRDA:216,23,0,0
BRDA:216,23,1,0
BRDA:224,24,0,0
BRDA:224,24,1,0
BRDA:233,25,0,0
BRDA:233,25,1,0
BRDA:250,26,0,0
BRDA:250,26,1,0
BRDA:257,27,0,0
BRDA:257,27,1,0
BRDA:274,28,0,0
BRDA:274,28,1,0
BRDA:277,29,0,0
BRDA:277,29,1,0
BRDA:279,30,0,0
BRDA:281,31,0,0
BRDA:281,31,1,0
BRDA:283,32,0,0
BRDA:283,32,1,0
BRDA:284,33,0,0
BRDA:284,33,1,0
BRDA:285,34,0,0
BRDA:285,34,1,0
BRDA:286,35,0,0
BRDA:286,35,1,0
BRDA:287,36,0,0
BRDA:287,36,1,0
BRDA:297,37,0,0
BRDA:297,37,1,0
BRDA:298,38,0,0
BRDA:299,39,0,0
BRDA:299,39,1,0
BRDA:320,40,0,0
BRDA:322,41,0,0
BRDA:322,41,1,0
BRDA:322,42,0,0
BRDA:322,42,1,0
BRDA:326,43,0,0
BRDA:326,43,1,0
BRDA:327,44,0,0
BRDA:327,44,1,0
BRDA:336,45,0,0
BRDA:336,45,1,0
BRDA:342,46,0,0
BRDA:342,46,1,0
BRDA:355,47,0,0
BRDA:358,48,0,0
BRDA:358,48,1,0
BRDA:473,49,0,0
BRDA:473,49,1,0
BRDA:477,50,0,0
BRDA:477,50,1,0
BRDA:483,51,0,0
BRDA:483,51,1,0
BRDA:497,52,0,0
BRDA:497,52,1,0
BRDA:518,53,0,0
BRDA:518,53,1,0
BRDA:519,54,0,0
BRDA:519,54,1,0
BRDA:530,55,0,0
BRDA:530,55,1,0
BRDA:559,56,0,0
BRDA:559,56,1,0
BRDA:559,57,0,0
BRDA:559,57,1,0
BRDA:562,58,0,0
BRDA:562,58,1,0
BRDA:571,59,0,0
BRDA:571,59,1,0
BRDA:571,60,0,0
BRDA:571,60,1,0
BRDA:589,61,0,0
BRDA:589,61,1,0
BRDA:593,62,0,0
BRDA:593,62,1,0
BRDA:593,63,0,0
BRDA:593,63,1,0
BRDA:612,64,0,0
BRDA:612,64,1,0
BRDA:618,65,0,0
BRDA:618,65,1,0
BRDA:618,66,0,0
BRDA:618,66,1,0
BRDA:619,67,0,0
BRDA:619,67,1,0
BRDA:630,68,0,0
BRDA:630,68,1,0
BRDA:648,69,0,0
BRDA:649,70,0,0
BRDA:649,70,1,0
BRDA:651,71,0,0
BRDA:651,71,1,0
BRDA:652,72,0,0
BRDA:652,72,1,0
BRDA:654,73,0,0
BRDA:654,73,1,0
BRDA:655,74,0,0
BRDA:655,74,1,0
BRDA:666,75,0,0
BRDA:666,75,1,0
BRDA:667,76,0,0
BRDA:667,76,1,0
BRDA:669,77,0,0
BRDA:669,77,1,0
BRDA:677,78,0,0
BRDA:677,78,1,0
BRDA:679,79,0,0
BRDA:679,79,1,0
BRDA:692,80,0,0
BRDA:692,80,1,0
BRDA:694,81,0,0
BRDA:694,81,1,0
BRDA:697,82,0,0
BRDA:697,82,1,0
BRDA:697,83,0,0
BRDA:697,83,1,0
BRDA:697,83,2,0
BRDA:697,83,3,0
BRDA:697,83,4,0
BRDA:705,84,0,0
BRDA:705,84,1,0
BRDA:711,85,0,0
BRDA:711,85,1,0
BRDA:711,85,2,0
BRDA:712,86,0,0
BRDA:712,86,1,0
BRDA:714,87,0,0
BRDA:715,88,0,0
BRDA:715,88,1,0
BRDA:720,89,0,0
BRDA:720,89,1,0
BRDA:722,90,0,0
BRDA:722,90,1,0
BRDA:725,91,0,0
BRDA:725,91,1,0
BRDA:727,92,0,0
BRDA:728,93,0,0
BRDA:728,93,1,0
BRDA:744,94,0,0
BRDA:744,94,1,0
BRDA:744,95,0,0
BRDA:744,95,1,0
BRDA:746,96,0,0
BRDA:746,96,1,0
BRDA:750,97,0,0
BRDA:750,97,1,0
BRDA:751,98,0,0
BRDA:751,98,1,0
BRDA:752,99,0,0
BRDA:752,99,1,0
BRDA:753,100,0,0
BRDA:753,100,1,0
BRDA:754,101,0,0
BRDA:754,101,1,0
BRDA:756,102,0,0
BRDA:756,102,1,0
BRDA:759,103,0,0
BRDA:759,103,1,0
BRDA:761,104,0,0
BRDA:761,104,1,0
BRDA:763,105,0,0
BRDA:763,105,1,0
BRDA:801,106,0,0
BRDA:801,106,1,0
BRDA:802,107,0,0
BRDA:802,107,1,0
BRDA:802,107,2,0
BRDA:802,107,3,0
BRDA:802,107,4,0
BRDA:802,107,5,0
BRF:216
BRH:0
end_of_record
TN:
SF:content.js
FN:6,(anonymous_0)
FN:126,(anonymous_1)
FN:137,(anonymous_2)
FN:159,(anonymous_3)
FN:193,(anonymous_4)
FN:214,(anonymous_5)
FN:238,(anonymous_6)
FN:279,(anonymous_7)
FN:317,(anonymous_8)
FN:330,(anonymous_9)
FN:339,(anonymous_10)
FN:346,(anonymous_11)
FNF:12
FNH:0
FNDA:0,(anonymous_0)
FNDA:0,(anonymous_1)
FNDA:0,(anonymous_2)
FNDA:0,(anonymous_3)
FNDA:0,(anonymous_4)
FNDA:0,(anonymous_5)
FNDA:0,(anonymous_6)
FNDA:0,(anonymous_7)
FNDA:0,(anonymous_8)
FNDA:0,(anonymous_9)
FNDA:0,(anonymous_10)
FNDA:0,(anonymous_11)
DA:6,0
DA:10,0
DA:12,0
DA:15,0
DA:17,0
DA:126,0
DA:127,0
DA:128,0
DA:129,0
DA:137,0
DA:138,0
DA:139,0
DA:140,0
DA:141,0
DA:142,0
DA:143,0
DA:144,0
DA:150,0
DA:159,0
DA:160,0
DA:161,0
DA:162,0
DA:163,0
DA:164,0
DA:166,0
DA:167,0
DA:169,0
DA:170,0
DA:172,0
DA:173,0
DA:175,0
DA:176,0
DA:178,0
DA:179,0
DA:182,0
DA:193,0
DA:194,0
DA:195,0
DA:197,0
DA:198,0
DA:199,0
DA:200,0
DA:202,0
DA:203,0
DA:204,0
DA:206,0
DA:214,0
DA:215,0
DA:216,0
DA:218,0
DA:219,0
DA:220,0
DA:222,0
DA:223,0
DA:224,0
DA:225,0
DA:226,0
DA:228,0
DA:229,0
DA:230,0
DA:238,0
DA:239,0
DA:241,0
DA:242,0
DA:243,0
DA:245,0
DA:247,0
DA:248,0
DA:250,0
DA:251,0
DA:252,0
DA:254,0
DA:256,0
DA:257,0
DA:258,0
DA:259,0
DA:261,0
DA:264,0
DA:265,0
DA:266,0
DA:267,0
DA:269,0
DA:279,0
DA:281,0
DA:282,0
DA:283,0
DA:284,0
DA:286,0
DA:287,0
DA:288,0
DA:289,0
DA:290,0
DA:291,0
DA:294,0
DA:295,0
DA:297,0
DA:299,0
DA:300,0
DA:301,0
DA:302,0
DA:304,0
DA:307,0
DA:308,0
DA:309,0
DA:310,0
DA:317,0
DA:318,0
DA:319,0
DA:320,0
DA:321,0
DA:322,0
DA:323,0
DA:328,0
DA:331,0
DA:332,0
DA:339,0
DA:340,0
DA:341,0
DA:346,0
DA:347,0
DA:349,0
DA:350,0
DA:351,0
DA:352,0
DA:358,0
DA:359,0
LF:126
LH:0
BRDA:127,0,0,0
BRDA:127,0,1,0
BRDA:140,1,0,0
BRDA:140,1,1,0
BRDA:140,2,0,0
BRDA:140,2,1,0
BRDA:142,3,0,0
BRDA:142,3,1,0
BRDA:142,4,0,0
BRDA:142,4,1,0
BRDA:169,5,0,0
BRDA:169,5,1,0
BRDA:172,6,0,0
BRDA:172,6,1,0
BRDA:175,7,0,0
BRDA:175,7,1,0
BRDA:178,8,0,0
BRDA:178,8,1,0
BRDA:241,9,0,0
BRDA:241,9,1,0
BRDA:242,10,0,0
BRDA:242,10,1,0
BRDA:256,11,0,0
BRDA:256,11,1,0
BRDA:260,12,0,0
BRDA:260,12,1,0
BRDA:281,13,0,0
BRDA:281,13,1,0
BRDA:282,14,0,0
BRDA:282,14,1,0
BRDA:283,15,0,0
BRDA:283,15,1,0
BRDA:299,16,0,0
BRDA:299,16,1,0
BRDA:303,17,0,0
BRDA:303,17,1,0
BRDA:318,18,0,0
BRDA:318,18,1,0
BRDA:321,19,0,0
BRDA:321,19,1,0
BRDA:323,20,0,0
BRDA:323,20,1,0
BRDA:331,21,0,0
BRDA:331,21,1,0
BRDA:331,22,0,0
BRDA:331,22,1,0
BRDA:340,23,0,0
BRDA:340,23,1,0
BRDA:340,24,0,0
BRDA:340,24,1,0
BRDA:347,25,0,0
BRDA:347,25,1,0
BRDA:347,26,0,0
BRDA:347,26,1,0
BRDA:349,27,0,0
BRDA:349,27,1,0
BRDA:350,28,0,0
BRDA:350,28,1,0
BRDA:350,29,0,0
BRDA:350,29,1,0
BRDA:351,30,0,0
BRDA:351,30,1,0
BRDA:353,31,0,0
BRDA:353,31,1,0
BRDA:354,32,0,0
BRDA:354,32,1,0
BRDA:355,33,0,0
BRDA:355,33,1,0
BRDA:356,34,0,0
BRDA:356,34,1,0
BRDA:358,35,0,0
BRDA:358,35,1,0
BRDA:359,36,0,0
BRDA:359,36,1,0
BRF:74
BRH:0
end_of_record
TN:
SF:options.js
FN:66,(anonymous_0)
FN:74,(anonymous_1)
FN:75,(anonymous_2)
FN:81,(anonymous_3)
FN:87,(anonymous_4)
FN:93,(anonymous_5)
FN:103,(anonymous_6)
FN:105,(anonymous_7)
FN:107,(anonymous_8)
FN:111,(anonymous_9)
FN:117,(anonymous_10)
FN:120,(anonymous_11)
FN:123,getRadioValue
FN:128,setRadioValue
FN:133,updateRange
FN:139,applyStatusTone
FN:144,markDirty
FN:150,clearDirty
FN:155,updatePreviewControls
FN:161,updateInlineModeHint
FN:167,updateHistoryControls
FN:176,getFormValues
FN:194,setStatus
FN:200,(anonymous_23)
FN:209,renderSelect
FN:212,(anonymous_25)
FN:213,(anonymous_26)
FN:221,getLanguageParts
FN:222,(anonymous_28)
FN:229,createLanguageStack
FN:249,moveTargetLanguage
FN:262,renderTargets
FN:275,(anonymous_32)
FN:306,(anonymous_33)
FN:317,(anonymous_34)
FN:327,(anonymous_35)
FN:329,(anonymous_36)
FN:348,isValidLanguageCode
FN:352,normalizeLanguageCode
FN:359,(anonymous_39)
FN:377,addTargetLanguage
FN:393,addCustomLanguage
FN:423,renderHistorySummary
FN:443,(anonymous_43)
FN:449,(anonymous_44)
FN:458,(anonymous_45)
FN:460,(anonymous_46)
FN:490,refreshHistorySummary
FN:492,(anonymous_48)
FN:502,clearHistory
FN:511,(anonymous_50)
FN:522,isValidPageUrl
FN:526,createNoteId
FN:531,trimNoteText
FN:535,sanitizeNote
FN:564,getNotes
FN:565,(anonymous_56)
FN:570,setNotes
FN:571,(anonymous_58)
FN:576,saveNote
FN:585,formatNoteDate
FN:594,filterNotes
FN:597,(anonymous_62)
FN:614,createNoteBlock
FN:632,renderNotes
FN:647,(anonymous_65)
FN:711,(anonymous_66)
FN:719,(anonymous_67)
FN:736,(anonymous_68)
FN:744,refreshNotes
FN:755,clearNotes
FN:774,deleteNote
FN:785,(anonymous_72)
FN:796,renderNoteTargets
FN:804,(anonymous_74)
FN:804,(anonymous_75)
FN:812,(anonymous_76)
FN:825,clearNoteForm
FN:833,fetchNoteTranslation
FN:848,saveManualNote
FN:900,copyToClipboard
FN:918,copyNoteText
FN:933,applyOptionsToForm
FN:965,resetDefaults
FN:979,(anonymous_84)
FN:995,restoreOptions
FN:997,(anonymous_86)
FN:1011,saveOptions
FN:1021,(anonymous_88)
FN:1035,applyTheme
FN:1049,exportNotes
FN:1077,importNotes
FN:1082,handleImportFile
FN:1104,(anonymous_93)
FN:1105,(anonymous_94)
FN:1125,refreshStatistics
FN:1127,(anonymous_96)
FN:1141,(anonymous_97)
FN:1145,(anonymous_98)
FN:1153,(anonymous_99)
FN:1157,(anonymous_100)
FN:1158,(anonymous_101)
FN:1171,initElements
FN:1214,(anonymous_103)
FN:1226,(anonymous_104)
FN:1236,(anonymous_105)
FN:1237,(anonymous_106)
FN:1243,(anonymous_107)
FN:1244,(anonymous_108)
FN:1250,(anonymous_109)
FN:1255,(anonymous_110)
FN:1263,(anonymous_111)
FN:1268,(anonymous_112)
FN:1273,(anonymous_113)
FN:1276,(anonymous_114)
FN:1287,(anonymous_115)
FN:1289,(anonymous_116)
FN:1297,(anonymous_117)
FNF:118
FNH:0
FNDA:0,(anonymous_0)
FNDA:0,(anonymous_1)
FNDA:0,(anonymous_2)
FNDA:0,(anonymous_3)
FNDA:0,(anonymous_4)
FNDA:0,(anonymous_5)
FNDA:0,(anonymous_6)
FNDA:0,(anonymous_7)
FNDA:0,(anonymous_8)
FNDA:0,(anonymous_9)
FNDA:0,(anonymous_10)
FNDA:0,(anonymous_11)
FNDA:0,getRadioValue
FNDA:0,setRadioValue
FNDA:0,updateRange
FNDA:0,applyStatusTone
FNDA:0,markDirty
FNDA:0,clearDirty
FNDA:0,updatePreviewControls
FNDA:0,updateInlineModeHint
FNDA:0,updateHistoryControls
FNDA:0,getFormValues
FNDA:0,setStatus
FNDA:0,(anonymous_23)
FNDA:0,renderSelect
FNDA:0,(anonymous_25)
FNDA:0,(anonymous_26)
FNDA:0,getLanguageParts
FNDA:0,(anonymous_28)
FNDA:0,createLanguageStack
FNDA:0,moveTargetLanguage
FNDA:0,renderTargets
FNDA:0,(anonymous_32)
FNDA:0,(anonymous_33)
FNDA:0,(anonymous_34)
FNDA:0,(anonymous_35)
FNDA:0,(anonymous_36)
FNDA:0,isValidLanguageCode
FNDA:0,normalizeLanguageCode
FNDA:0,(anonymous_39)
FNDA:0,addTargetLanguage
FNDA:0,addCustomLanguage
FNDA:0,renderHistorySummary
FNDA:0,(anonymous_43)
FNDA:0,(anonymous_44)
FNDA:0,(anonymous_45)
FNDA:0,(anonymous_46)
FNDA:0,refreshHistorySummary
FNDA:0,(anonymous_48)
FNDA:0,clearHistory
FNDA:0,(anonymous_50)
FNDA:0,isValidPageUrl
FNDA:0,createNoteId
FNDA:0,trimNoteText
FNDA:0,sanitizeNote
FNDA:0,getNotes
FNDA:0,(anonymous_56)
FNDA:0,setNotes
FNDA:0,(anonymous_58)
FNDA:0,saveNote
FNDA:0,formatNoteDate
FNDA:0,filterNotes
FNDA:0,(anonymous_62)
FNDA:0,createNoteBlock
FNDA:0,renderNotes
FNDA:0,(anonymous_65)
FNDA:0,(anonymous_66)
FNDA:0,(anonymous_67)
FNDA:0,(anonymous_68)
FNDA:0,refreshNotes
FNDA:0,clearNotes
FNDA:0,deleteNote
FNDA:0,(anonymous_72)
FNDA:0,renderNoteTargets
FNDA:0,(anonymous_74)
FNDA:0,(anonymous_75)
FNDA:0,(anonymous_76)
FNDA:0,clearNoteForm
FNDA:0,fetchNoteTranslation
FNDA:0,saveManualNote
FNDA:0,copyToClipboard
FNDA:0,copyNoteText
FNDA:0,applyOptionsToForm
FNDA:0,resetDefaults
FNDA:0,(anonymous_84)
FNDA:0,restoreOptions
FNDA:0,(anonymous_86)
FNDA:0,saveOptions
FNDA:0,(anonymous_88)
FNDA:0,applyTheme
FNDA:0,exportNotes
FNDA:0,importNotes
FNDA:0,handleImportFile
FNDA:0,(anonymous_93)
FNDA:0,(anonymous_94)
FNDA:0,refreshStatistics
FNDA:0,(anonymous_96)
FNDA:0,(anonymous_97)
FNDA:0,(anonymous_98)
FNDA:0,(anonymous_99)
FNDA:0,(anonymous_100)
FNDA:0,(anonymous_101)
FNDA:0,initElements
FNDA:0,(anonymous_103)
FNDA:0,(anonymous_104)
FNDA:0,(anonymous_105)
FNDA:0,(anonymous_106)
FNDA:0,(anonymous_107)
FNDA:0,(anonymous_108)
FNDA:0,(anonymous_109)
FNDA:0,(anonymous_110)
FNDA:0,(anonymous_111)
FNDA:0,(anonymous_112)
FNDA:0,(anonymous_113)
FNDA:0,(anonymous_114)
FNDA:0,(anonymous_115)
FNDA:0,(anonymous_116)
FNDA:0,(anonymous_117)
DA:4,0
DA:24,0
DA:32,0
DA:33,0
DA:34,0
DA:35,0
DA:36,0
DA:37,0
DA:38,0
DA:39,0
DA:44,0
DA:61,0
DA:63,0
DA:64,0
DA:66,0
DA:67,0
DA:68,0
DA:69,0
DA:71,0
DA:74,0
DA:75,0
DA:76,0
DA:77,0
DA:78,0
DA:81,0
DA:82,0
DA:83,0
DA:84,0
DA:87,0
DA:88,0
DA:89,0
DA:90,0
DA:93,0
DA:94,0
DA:95,0
DA:96,0
DA:99,0
DA:100,0
DA:103,0
DA:105,0
DA:106,0
DA:107,0
DA:108,0
DA:111,0
DA:112,0
DA:113,0
DA:114,0
DA:117,0
DA:118,0
DA:120,0
DA:121,0
DA:124,0
DA:125,0
DA:129,0
DA:130,0
DA:134,0
DA:135,0
DA:136,0
DA:140,0
DA:141,0
DA:145,0
DA:146,0
DA:147,0
DA:151,0
DA:152,0
DA:156,0
DA:157,0
DA:158,0
DA:162,0
DA:163,0
DA:164,0
DA:168,0
DA:169,0
DA:170,0
DA:177,0
DA:195,0
DA:196,0
DA:197,0
DA:198,0
DA:199,0
DA:200,0
DA:201,0
DA:202,0
DA:210,0
DA:211,0
DA:212,0
DA:214,0
DA:215,0
DA:216,0
DA:217,0
DA:222,0
DA:223,0
DA:224,0
DA:226,0
DA:230,0
DA:231,0
DA:232,0
DA:234,0
DA:235,0
DA:236,0
DA:237,0
DA:239,0
DA:240,0
DA:241,0
DA:242,0
DA:243,0
DA:246,0
DA:250,0
DA:251,0
DA:252,0
DA:253,0
DA:254,0
DA:255,0
DA:256,0
DA:263,0
DA:264,0
DA:266,0
DA:267,0
DA:268,0
DA:269,0
DA:270,0
DA:271,0
DA:272,0
DA:275,0
DA:276,0
DA:277,0
DA:278,0
DA:280,0
DA:281,0
DA:283,0
DA:284,0
DA:286,0
DA:287,0
DA:288,0
DA:289,0
DA:290,0
DA:291,0
DA:294,0
DA:295,0
DA:297,0
DA:298,0
DA:299,0
DA:300,0
DA:301,0
DA:302,0
DA:306,0
DA:308,0
DA:309,0
DA:310,0
DA:311,0
DA:312,0
DA:313,0
DA:317,0
DA:319,0
DA:320,0
DA:321,0
DA:322,0
DA:323,0
DA:327,0
DA:328,0
DA:329,0
DA:330,0
DA:331,0
DA:334,0
DA:335,0
DA:336,0
DA:338,0
DA:339,0
DA:340,0
DA:343,0
DA:349,0
DA:353,0
DA:354,0
DA:355,0
DA:356,0
DA:358,0
DA:359,0
DA:360,0
DA:361,0
DA:362,0
DA:363,0
DA:364,0
DA:365,0
DA:367,0
DA:371,0
DA:378,0
DA:379,0
DA:380,0
DA:381,0
DA:382,0
DA:384,0
DA:385,0
DA:386,0
DA:387,0
DA:394,0
DA:395,0
DA:397,0
DA:398,0
DA:399,0
DA:402,0
DA:403,0
DA:407,0
DA:410,0
DA:411,0
DA:412,0
DA:415,0
DA:416,0
DA:417,0
DA:418,0
DA:419,0
DA:420,0
DA:424,0
DA:425,0
DA:427,0
DA:428,0
DA:429,0
DA:430,0
DA:431,0
DA:432,0
DA:435,0
DA:436,0
DA:437,0
DA:438,0
DA:439,0
DA:440,0
DA:443,0
DA:444,0
DA:445,0
DA:446,0
DA:449,0
DA:450,0
DA:451,0
DA:452,0
DA:453,0
DA:454,0
DA:455,0
DA:458,0
DA:460,0
DA:461,0
DA:462,0
DA:464,0
DA:465,0
DA:467,0
DA:469,0
DA:470,0
DA:471,0
DA:473,0
DA:474,0
DA:476,0
DA:477,0
DA:479,0
DA:480,0
DA:481,0
DA:482,0
DA:484,0
DA:485,0
DA:486,0
DA:491,0
DA:492,0
DA:493,0
DA:495,0
DA:496,0
DA:498,0
DA:503,0
DA:504,0
DA:509,0
DA:511,0
DA:512,0
DA:514,0
DA:515,0
DA:516,0
DA:518,0
DA:519,0
DA:523,0
DA:527,0
DA:528,0
DA:532,0
DA:536,0
DA:537,0
DA:538,0
DA:540,0
DA:541,0
DA:543,0
DA:544,0
DA:545,0
DA:546,0
DA:547,0
DA:548,0
DA:550,0
DA:565,0
DA:566,0
DA:571,0
DA:572,0
DA:577,0
DA:578,0
DA:579,0
DA:580,0
DA:581,0
DA:582,0
DA:586,0
DA:587,0
DA:588,0
DA:590,0
DA:595,0
DA:596,0
DA:597,0
DA:598,0
DA:610,0
DA:615,0
DA:616,0
DA:618,0
DA:619,0
DA:620,0
DA:621,0
DA:623,0
DA:624,0
DA:625,0
DA:626,0
DA:627,0
DA:629,0
DA:633,0
DA:634,0
DA:635,0
DA:636,0
DA:638,0
DA:639,0
DA:640,0
DA:641,0
DA:642,0
DA:643,0
DA:644,0
DA:647,0
DA:648,0
DA:649,0
DA:650,0
DA:652,0
DA:653,0
DA:655,0
DA:656,0
DA:657,0
DA:660,0
DA:661,0
DA:663,0
DA:664,0
DA:665,0
DA:667,0
DA:668,0
DA:669,0
DA:670,0
DA:673,0
DA:674,0
DA:675,0
DA:676,0
DA:677,0
DA:680,0
DA:682,0
DA:683,0
DA:684,0
DA:691,0
DA:693,0
DA:694,0
DA:702,0
DA:704,0
DA:705,0
DA:707,0
DA:708,0
DA:709,0
DA:710,0
DA:711,0
DA:712,0
DA:714,0
DA:715,0
DA:716,0
DA:717,0
DA:718,0
DA:719,0
DA:720,0
DA:722,0
DA:723,0
DA:724,0
DA:725,0
DA:726,0
DA:727,0
DA:728,0
DA:729,0
DA:732,0
DA:733,0
DA:734,0
DA:735,0
DA:736,0
DA:737,0
DA:739,0
DA:740,0
DA:745,0
DA:746,0
DA:747,0
DA:748,0
DA:749,0
DA:751,0
DA:756,0
DA:757,0
DA:762,0
DA:764,0
DA:765,0
DA:766,0
DA:767,0
DA:769,0
DA:770,0
DA:775,0
DA:776,0
DA:781,0
DA:783,0
DA:784,0
DA:785,0
DA:786,0
DA:787,0
DA:788,0
DA:789,0
DA:791,0
DA:792,0
DA:797,0
DA:798,0
DA:800,0
DA:801,0
DA:802,0
DA:804,0
DA:805,0
DA:806,0
DA:807,0
DA:808,0
DA:809,0
DA:812,0
DA:813,0
DA:814,0
DA:815,0
DA:816,0
DA:817,0
DA:818,0
DA:821,0
DA:822,0
DA:826,0
DA:827,0
DA:828,0
DA:829,0
DA:830,0
DA:834,0
DA:835,0
DA:836,0
DA:837,0
DA:838,0
DA:839,0
DA:840,0
DA:841,0
DA:843,0
DA:844,0
DA:849,0
DA:850,0
DA:851,0
DA:852,0
DA:853,0
DA:857,0
DA:858,0
DA:859,0
DA:860,0
DA:861,0
DA:863,0
DA:864,0
DA:865,0
DA:870,0
DA:871,0
DA:884,0
DA:885,0
DA:886,0
DA:887,0
DA:889,0
DA:895,0
DA:896,0
DA:901,0
DA:902,0
DA:903,0
DA:904,0
DA:906,0
DA:907,0
DA:908,0
DA:909,0
DA:910,0
DA:911,0
DA:912,0
DA:913,0
DA:914,0
DA:915,0
DA:919,0
DA:920,0
DA:921,0
DA:924,0
DA:925,0
DA:926,0
DA:927,0
DA:929,0
DA:930,0
DA:934,0
DA:935,0
DA:936,0
DA:937,0
DA:938,0
DA:939,0
DA:940,0
DA:942,0
DA:943,0
DA:945,0
DA:946,0
DA:948,0
DA:955,0
DA:957,0
DA:958,0
DA:959,0
DA:960,0
DA:961,0
DA:962,0
DA:966,0
DA:967,0
DA:972,0
DA:974,0
DA:979,0
DA:980,0
DA:983,0
DA:984,0
DA:985,0
DA:987,0
DA:988,0
DA:996,0
DA:997,0
DA:998,0
DA:1001,0
DA:1002,0
DA:1004,0
DA:1012,0
DA:1014,0
DA:1015,0
DA:1016,0
DA:1019,0
DA:1020,0
DA:1021,0
DA:1022,0
DA:1024,0
DA:1025,0
DA:1027,0
DA:1028,0
DA:1036,0
DA:1037,0
DA:1038,0
DA:1039,0
DA:1040,0
DA:1042,0
DA:1050,0
DA:1051,0
DA:1052,0
DA:1053,0
DA:1054,0
DA:1057,0
DA:1058,0
DA:1059,0
DA:1060,0
DA:1061,0
DA:1062,0
DA:1063,0
DA:1064,0
DA:1065,0
DA:1066,0
DA:1067,0
DA:1069,0
DA:1070,0
DA:1078,0
DA:1079,0
DA:1083,0
DA:1084,0
DA:1086,0
DA:1087,0
DA:1088,0
DA:1090,0
DA:1091,0
DA:1092,0
DA:1095,0
DA:1096,0
DA:1098,0
DA:1099,0
DA:1100,0
DA:1104,0
DA:1105,0
DA:1106,0
DA:1108,0
DA:1109,0
DA:1110,0
DA:1115,0
DA:1116,0
DA:1118,0
DA:1126,0
DA:1127,0
DA:1128,0
DA:1130,0
DA:1131,0
DA:1134,0
DA:1137,0
DA:1140,0
DA:1141,0
DA:1142,0
DA:1143,0
DA:1145,0
DA:1146,0
DA:1148,0
DA:1152,0
DA:1153,0
DA:1154,0
DA:1155,0
DA:1157,0
DA:1158,0
DA:1159,0
DA:1161,0
DA:1164,0
DA:1172,0
DA:1173,0
DA:1174,0
DA:1175,0
DA:1176,0
DA:1177,0
DA:1178,0
DA:1179,0
DA:1180,0
DA:1181,0
DA:1182,0
DA:1183,0
DA:1184,0
DA:1185,0
DA:1186,0
DA:1187,0
DA:1188,0
DA:1189,0
DA:1190,0
DA:1191,0
DA:1192,0
DA:1193,0
DA:1194,0
DA:1195,0
DA:1196,0
DA:1197,0
DA:1198,0
DA:1199,0
DA:1200,0
DA:1201,0
DA:1202,0
DA:1203,0
DA:1204,0
DA:1205,0
DA:1206,0
DA:1207,0
DA:1208,0
DA:1214,0
DA:1215,0
DA:1216,0
DA:1217,0
DA:1218,0
DA:1219,0
DA:1220,0
DA:1221,0
DA:1223,0
DA:1224,0
DA:1225,0
DA:1226,0
DA:1227,0
DA:1228,0
DA:1229,0
DA:1233,0
DA:1234,0
DA:1236,0
DA:1237,0
DA:1238,0
DA:1239,0
DA:1243,0
DA:1244,0
DA:1245,0
DA:1246,0
DA:1250,0
DA:1251,0
DA:1252,0
DA:1255,0
DA:1256,0
DA:1257,0
DA:1258,0
DA:1261,0
DA:1263,0
DA:1264,0
DA:1265,0
DA:1268,0
DA:1269,0
DA:1270,0
DA:1273,0
DA:1274,0
DA:1276,0
DA:1277,0
DA:1280,0
DA:1281,0
DA:1282,0
DA:1283,0
DA:1287,0
DA:1288,0
DA:1289,0
DA:1292,0
DA:1293,0
DA:1294,0
DA:1295,0
DA:1297,0
DA:1298,0
DA:1299,0
DA:1300,0
DA:1302,0
DA:1303,0
DA:1304,0
LF:717
LH:0
BRDA:67,0,0,0
BRDA:67,0,1,0
BRDA:69,1,0,0
BRDA:69,1,1,0
BRDA:71,2,0,0
BRDA:71,2,1,0
BRDA:78,3,0,0
BRDA:78,3,1,0
BRDA:84,4,0,0
BRDA:84,4,1,0
BRDA:90,5,0,0
BRDA:90,5,1,0
BRDA:96,6,0,0
BRDA:96,6,1,0
BRDA:100,7,0,0
BRDA:100,7,1,0
BRDA:103,8,0,0
BRDA:103,8,1,0
BRDA:106,9,0,0
BRDA:106,9,1,0
BRDA:108,10,0,0
BRDA:108,10,1,0
BRDA:113,11,0,0
BRDA:113,11,1,0
BRDA:125,12,0,0
BRDA:125,12,1,0
BRDA:130,13,0,0
BRDA:130,13,1,0
BRDA:136,14,0,0
BRDA:136,14,1,0
BRDA:145,15,0,0
BRDA:145,15,1,0
BRDA:162,16,0,0
BRDA:162,16,1,0
BRDA:164,17,0,0
BRDA:164,17,1,0
BRDA:194,18,0,0
BRDA:199,19,0,0
BRDA:199,19,1,0
BRDA:209,20,0,0
BRDA:212,21,0,0
BRDA:212,21,1,0
BRDA:223,22,0,0
BRDA:223,22,1,0
BRDA:232,23,0,0
BRDA:232,23,1,0
BRDA:239,24,0,0
BRDA:239,24,1,0
BRDA:250,25,0,0
BRDA:250,25,1,0
BRDA:250,26,0,0
BRDA:250,26,1,0
BRDA:266,27,0,0
BRDA:266,27,1,0
BRDA:286,28,0,0
BRDA:286,28,1,0
BRDA:354,29,0,0
BRDA:354,29,1,0
BRDA:356,30,0,0
BRDA:356,30,1,0
BRDA:360,31,0,0
BRDA:360,31,1,0
BRDA:362,32,0,0
BRDA:362,32,1,0
BRDA:364,33,0,0
BRDA:364,33,1,0
BRDA:379,34,0,0
BRDA:379,34,1,0
BRDA:380,35,0,0
BRDA:380,35,1,0
BRDA:397,36,0,0
BRDA:397,36,1,0
BRDA:402,37,0,0
BRDA:402,37,1,0
BRDA:410,38,0,0
BRDA:410,38,1,0
BRDA:427,39,0,0
BRDA:427,39,1,0
BRDA:435,40,0,0
BRDA:435,40,1,0
BRDA:435,41,0,0
BRDA:435,41,1,0
BRDA:444,42,0,0
BRDA:444,42,1,0
BRDA:444,43,0,0
BRDA:444,43,1,0
BRDA:445,44,0,0
BRDA:445,44,1,0
BRDA:450,45,0,0
BRDA:450,45,1,0
BRDA:495,46,0,0
BRDA:495,46,1,0
BRDA:509,47,0,0
BRDA:509,47,1,0
BRDA:523,48,0,0
BRDA:523,48,1,0
BRDA:527,49,0,0
BRDA:527,49,1,0
BRDA:532,50,0,0
BRDA:532,50,1,0
BRDA:536,51,0,0
BRDA:536,51,1,0
BRDA:536,52,0,0
BRDA:536,52,1,0
BRDA:538,53,0,0
BRDA:538,53,1,0
BRDA:540,54,0,0
BRDA:540,54,1,0
BRDA:541,55,0,0
BRDA:541,55,1,0
BRDA:543,56,0,0
BRDA:543,56,1,0
BRDA:544,57,0,0
BRDA:544,57,1,0
BRDA:545,58,0,0
BRDA:545,58,1,0
BRDA:546,59,0,0
BRDA:546,59,1,0
BRDA:547,60,0,0
BRDA:547,60,1,0
BRDA:548,61,0,0
BRDA:548,61,1,0
BRDA:551,62,0,0
BRDA:551,62,1,0
BRDA:577,63,0,0
BRDA:579,64,0,0
BRDA:579,64,1,0
BRDA:586,65,0,0
BRDA:586,65,1,0
BRDA:596,66,0,0
BRDA:596,66,1,0
BRDA:614,67,0,0
BRDA:625,68,0,0
BRDA:625,68,1,0
BRDA:635,69,0,0
BRDA:635,69,1,0
BRDA:638,70,0,0
BRDA:638,70,1,0
BRDA:641,71,0,0
BRDA:641,71,1,0
BRDA:656,72,0,0
BRDA:656,72,1,0
BRDA:658,73,0,0
BRDA:658,73,1,0
BRDA:658,73,2,0
BRDA:667,74,0,0
BRDA:667,74,1,0
BRDA:673,75,0,0
BRDA:673,75,1,0
BRDA:687,76,0,0
BRDA:687,76,1,0
BRDA:693,77,0,0
BRDA:693,77,1,0
BRDA:722,78,0,0
BRDA:722,78,1,0
BRDA:747,79,0,0
BRDA:747,79,1,0
BRDA:762,80,0,0
BRDA:762,80,1,0
BRDA:781,81,0,0
BRDA:781,81,1,0
BRDA:784,82,0,0
BRDA:784,82,1,0
BRDA:785,83,0,0
BRDA:785,83,1,0
BRDA:798,84,0,0
BRDA:798,84,1,0
BRDA:813,85,0,0
BRDA:813,85,1,0
BRDA:813,86,0,0
BRDA:813,86,1,0
BRDA:813,86,2,0
BRDA:821,87,0,0
BRDA:821,87,1,0
BRDA:821,87,2,0
BRDA:822,88,0,0
BRDA:822,88,1,0
BRDA:822,89,0,0
BRDA:822,89,1,0
BRDA:835,90,0,0
BRDA:835,90,1,0
BRDA:839,91,0,0
BRDA:839,91,1,0
BRDA:841,92,0,0
BRDA:841,92,1,0
BRDA:850,93,0,0
BRDA:850,93,1,0
BRDA:857,94,0,0
BRDA:857,94,1,0
BRDA:857,94,2,0
BRDA:858,95,0,0
BRDA:858,95,1,0
BRDA:859,96,0,0
BRDA:859,96,1,0
BRDA:864,97,0,0
BRDA:864,97,1,0
BRDA:864,98,0,0
BRDA:864,98,1,0
BRDA:864,98,2,0
BRDA:866,99,0,0
BRDA:866,99,1,0
BRDA:886,100,0,0
BRDA:886,100,1,0
BRDA:901,101,0,0
BRDA:901,101,1,0
BRDA:902,102,0,0
BRDA:902,102,1,0
BRDA:919,103,0,0
BRDA:919,103,1,0
BRDA:926,104,0,0
BRDA:926,104,1,0
BRDA:934,105,0,0
BRDA:934,105,1,0
BRDA:935,106,0,0
BRDA:935,106,1,0
BRDA:936,107,0,0
BRDA:936,107,1,0
BRDA:937,108,0,0
BRDA:937,108,1,0
BRDA:938,109,0,0
BRDA:938,109,1,0
BRDA:939,110,0,0
BRDA:939,110,1,0
BRDA:940,111,0,0
BRDA:940,111,1,0
BRDA:949,112,0,0
BRDA:949,112,1,0
BRDA:949,113,0,0
BRDA:949,113,1,0
BRDA:951,114,0,0
BRDA:951,114,1,0
BRDA:955,115,0,0
BRDA:955,115,1,0
BRDA:972,116,0,0
BRDA:972,116,1,0
BRDA:1014,117,0,0
BRDA:1014,117,1,0
BRDA:1037,118,0,0
BRDA:1037,118,1,0
BRDA:1039,119,0,0
BRDA:1039,119,1,0
BRDA:1051,120,0,0
BRDA:1052,121,0,0
BRDA:1052,121,1,0
BRDA:1084,122,0,0
BRDA:1084,122,1,0
BRDA:1090,123,0,0
BRDA:1090,123,1,0
BRDA:1095,124,0,0
BRDA:1098,125,0,0
BRDA:1098,125,1,0
BRDA:1130,126,0,0
BRDA:1131,127,0,0
BRDA:1131,127,1,0
BRDA:1140,128,0,0
BRDA:1140,128,1,0
BRDA:1142,129,0,0
BRDA:1142,129,1,0
BRDA:1146,130,0,0
BRDA:1146,130,1,0
BRDA:1152,131,0,0
BRDA:1152,131,1,0
BRDA:1154,132,0,0
BRDA:1154,132,1,0
BRDA:1159,133,0,0
BRDA:1159,133,1,0
BRDA:1227,134,0,0
BRDA:1227,134,1,0
BRDA:1298,135,0,0
BRDA:1298,135,1,0
BRDA:1298,136,0,0
BRDA:1298,136,1,0
BRDA:1298,136,2,0
BRDA:1302,137,0,0
BRDA:1302,137,1,0
BRDA:1302,138,0,0
BRDA:1302,138,1,0
BRF:277
BRH:0
end_of_record
TN:
SF:popup.js
FN:56,(anonymous_0)
FN:64,(anonymous_1)
FN:65,(anonymous_2)
FN:75,(anonymous_3)
FN:76,(anonymous_4)
FN:80,(anonymous_5)
FN:90,(anonymous_6)
FN:94,(anonymous_7)
FN:100,(anonymous_8)
FN:112,(anonymous_9)
FN:117,(anonymous_10)
FN:118,(anonymous_11)
FN:126,(anonymous_12)
FN:135,(anonymous_13)
FN:136,(anonymous_14)
FN:160,(anonymous_15)
FN:164,(anonymous_16)
FN:165,(anonymous_17)
FN:174,(anonymous_18)
FN:178,(anonymous_19)
FN:179,(anonymous_20)
FN:197,(anonymous_21)
FN:209,(anonymous_22)
FN:210,(anonymous_23)
FN:214,(anonymous_24)
FN:215,(anonymous_25)
FNF:26
FNH:0
FNDA:0,(anonymous_0)
FNDA:0,(anonymous_1)
FNDA:0,(anonymous_2)
FNDA:0,(anonymous_3)
FNDA:0,(anonymous_4)
FNDA:0,(anonymous_5)
FNDA:0,(anonymous_6)
FNDA:0,(anonymous_7)
FNDA:0,(anonymous_8)
FNDA:0,(anonymous_9)
FNDA:0,(anonymous_10)
FNDA:0,(anonymous_11)
FNDA:0,(anonymous_12)
FNDA:0,(anonymous_13)
FNDA:0,(anonymous_14)
FNDA:0,(anonymous_15)
FNDA:0,(anonymous_16)
FNDA:0,(anonymous_17)
FNDA:0,(anonymous_18)
FNDA:0,(anonymous_19)
FNDA:0,(anonymous_20)
FNDA:0,(anonymous_21)
FNDA:0,(anonymous_22)
FNDA:0,(anonymous_23)
FNDA:0,(anonymous_24)
FNDA:0,(anonymous_25)
DA:1,0
DA:21,0
DA:29,0
DA:40,0
DA:56,0
DA:57,0
DA:58,0
DA:59,0
DA:61,0
DA:64,0
DA:65,0
DA:66,0
DA:67,0
DA:68,0
DA:71,0
DA:72,0
DA:75,0
DA:76,0
DA:77,0
DA:80,0
DA:81,0
DA:82,0
DA:84,0
DA:85,0
DA:87,0
DA:90,0
DA:91,0
DA:92,0
DA:93,0
DA:94,0
DA:95,0
DA:96,0
DA:100,0
DA:101,0
DA:102,0
DA:103,0
DA:104,0
DA:105,0
DA:106,0
DA:107,0
DA:108,0
DA:109,0
DA:112,0
DA:113,0
DA:114,0
DA:115,0
DA:116,0
DA:117,0
DA:118,0
DA:119,0
DA:120,0
DA:122,0
DA:126,0
DA:127,0
DA:128,0
DA:129,0
DA:131,0
DA:135,0
DA:136,0
DA:138,0
DA:141,0
DA:142,0
DA:143,0
DA:144,0
DA:146,0
DA:147,0
DA:148,0
DA:149,0
DA:150,0
DA:152,0
DA:155,0
DA:156,0
DA:160,0
DA:161,0
DA:162,0
DA:164,0
DA:165,0
DA:166,0
DA:167,0
DA:168,0
DA:170,0
DA:174,0
DA:175,0
DA:178,0
DA:179,0
DA:180,0
DA:181,0
DA:182,0
DA:184,0
DA:185,0
DA:186,0
DA:191,0
DA:192,0
DA:198,0
DA:199,0
DA:200,0
DA:202,0
DA:203,0
DA:209,0
DA:210,0
DA:211,0
DA:212,0
DA:213,0
DA:214,0
DA:215,0
LF:105
LH:0
BRDA:57,0,0,0
BRDA:57,0,1,0
BRDA:59,1,0,0
BRDA:59,1,1,0
BRDA:61,2,0,0
BRDA:61,2,1,0
BRDA:68,3,0,0
BRDA:68,3,1,0
BRDA:72,4,0,0
BRDA:72,4,1,0
BRDA:77,5,0,0
BRDA:77,5,1,0
BRDA:81,6,0,0
BRDA:81,6,1,0
BRDA:84,7,0,0
BRDA:84,7,1,0
BRDA:93,8,0,0
BRDA:93,8,1,0
BRDA:101,9,0,0
BRDA:101,9,1,0
BRDA:103,10,0,0
BRDA:103,10,1,0
BRDA:105,11,0,0
BRDA:105,11,1,0
BRDA:107,12,0,0
BRDA:107,12,1,0
BRDA:114,13,0,0
BRDA:114,13,1,0
BRDA:114,14,0,0
BRDA:114,14,1,0
BRDA:117,15,0,0
BRDA:117,15,1,0
BRDA:118,16,0,0
BRDA:118,16,1,0
BRDA:128,17,0,0
BRDA:128,17,1,0
BRDA:128,18,0,0
BRDA:128,18,1,0
BRDA:138,19,0,0
BRDA:138,19,1,0
BRDA:138,20,0,0
BRDA:138,20,1,0
BRDA:141,21,0,0
BRDA:141,21,1,0
BRDA:142,22,0,0
BRDA:142,22,1,0
BRDA:144,23,0,0
BRDA:144,23,1,0
BRDA:146,24,0,0
BRDA:146,24,1,0
BRDA:147,25,0,0
BRDA:147,25,1,0
BRDA:149,26,0,0
BRDA:149,26,1,0
BRDA:166,27,0,0
BRDA:166,27,1,0
BRDA:180,28,0,0
BRDA:180,28,1,0
BRDA:181,29,0,0
BRDA:181,29,1,0
BRDA:184,30,0,0
BRDA:184,30,1,0
BRDA:198,31,0,0
BRDA:198,31,1,0
BRDA:212,32,0,0
BRDA:212,32,1,0
BRDA:212,33,0,0
BRDA:212,33,1,0
BRF:68
BRH:0
end_of_record
